<?xml version="1.0" encoding="UTF-8"?>
<!-- Generated by org.testng.reporters.JUnitReportReporter -->
<testsuite hostname="BuiAnhKhoa" failures="0" tests="1" name="com.example.demo.TestProduct" time="52.972" errors="0" timestamp="2023-12-18T21:35:31 ICT" skipped="0">
  <testcase classname="com.example.demo.TestProduct" name="LoginTest" time="52.972"/>
</testsuite> <!-- com.example.demo.TestProduct -->
