<?xml version="1.0" encoding="UTF-8"?>
<!-- Generated by org.testng.reporters.JUnitReportReporter -->
<testsuite hostname="BuiAnhKhoa" failures="0" tests="1" name="com.example.demo.RegisterData" time="55.704" errors="0" timestamp="2023-12-18T21:36:42 ICT" skipped="0">
  <testcase classname="com.example.demo.RegisterData" name="LoginTest" time="55.704"/>
</testsuite> <!-- com.example.demo.RegisterData -->
